CRITICAL - 2024-01-24 03:48:02 --> Invalid argument supplied for foreach()
#0 C:\xampp\htdocs\gallerycp\app\Views\dashboard.php(25): CodeIgniter\Debug\Exceptions->errorHandler(2, 'Invalid argumen...', 'C:\\xampp\\htdocs...', 25, Array)
#1 C:\xampp\htdocs\gallerycp\system\View\View.php(210): include('C:\\xampp\\htdocs...')
#2 C:\xampp\htdocs\gallerycp\system\View\View.php(213): CodeIgniter\View\View->CodeIgniter\View\{closure}()
#3 C:\xampp\htdocs\gallerycp\system\Common.php(1089): CodeIgniter\View\View->render('dashboard', Array, true)
#4 C:\xampp\htdocs\gallerycp\app\Controllers\Home.php(14): view('dashboard')
#5 C:\xampp\htdocs\gallerycp\system\CodeIgniter.php(832): App\Controllers\Home->index()
#6 C:\xampp\htdocs\gallerycp\system\CodeIgniter.php(419): CodeIgniter\CodeIgniter->runController(Object(App\Controllers\Home))
#7 C:\xampp\htdocs\gallerycp\system\CodeIgniter.php(326): CodeIgniter\CodeIgniter->handleRequest(NULL, Object(Config\Cache), false)
#8 C:\xampp\htdocs\gallerycp\public\index.php(37): CodeIgniter\CodeIgniter->run()
#9 C:\xampp\htdocs\gallerycp\system\Commands\Server\rewrite.php(43): require_once('C:\\xampp\\htdocs...')
#10 {main}
CRITICAL - 2024-01-24 03:48:30 --> Invalid argument supplied for foreach()
#0 C:\xampp\htdocs\gallerycp\app\Views\dashboard.php(25): CodeIgniter\Debug\Exceptions->errorHandler(2, 'Invalid argumen...', 'C:\\xampp\\htdocs...', 25, Array)
#1 C:\xampp\htdocs\gallerycp\system\View\View.php(210): include('C:\\xampp\\htdocs...')
#2 C:\xampp\htdocs\gallerycp\system\View\View.php(213): CodeIgniter\View\View->CodeIgniter\View\{closure}()
#3 C:\xampp\htdocs\gallerycp\system\Common.php(1089): CodeIgniter\View\View->render('dashboard', Array, true)
#4 C:\xampp\htdocs\gallerycp\app\Controllers\Home.php(14): view('dashboard')
#5 C:\xampp\htdocs\gallerycp\system\CodeIgniter.php(832): App\Controllers\Home->index()
#6 C:\xampp\htdocs\gallerycp\system\CodeIgniter.php(419): CodeIgniter\CodeIgniter->runController(Object(App\Controllers\Home))
#7 C:\xampp\htdocs\gallerycp\system\CodeIgniter.php(326): CodeIgniter\CodeIgniter->handleRequest(NULL, Object(Config\Cache), false)
#8 C:\xampp\htdocs\gallerycp\public\index.php(37): CodeIgniter\CodeIgniter->run()
#9 C:\xampp\htdocs\gallerycp\system\Commands\Server\rewrite.php(43): require_once('C:\\xampp\\htdocs...')
#10 {main}
CRITICAL - 2024-01-24 03:49:04 --> Invalid argument supplied for foreach()
#0 C:\xampp\htdocs\gallerycp\app\Views\dashboard.php(27): CodeIgniter\Debug\Exceptions->errorHandler(2, 'Invalid argumen...', 'C:\\xampp\\htdocs...', 27, Array)
#1 C:\xampp\htdocs\gallerycp\system\View\View.php(210): include('C:\\xampp\\htdocs...')
#2 C:\xampp\htdocs\gallerycp\system\View\View.php(213): CodeIgniter\View\View->CodeIgniter\View\{closure}()
#3 C:\xampp\htdocs\gallerycp\system\Common.php(1089): CodeIgniter\View\View->render('dashboard', Array, true)
#4 C:\xampp\htdocs\gallerycp\app\Controllers\Home.php(14): view('dashboard')
#5 C:\xampp\htdocs\gallerycp\system\CodeIgniter.php(832): App\Controllers\Home->index()
#6 C:\xampp\htdocs\gallerycp\system\CodeIgniter.php(419): CodeIgniter\CodeIgniter->runController(Object(App\Controllers\Home))
#7 C:\xampp\htdocs\gallerycp\system\CodeIgniter.php(326): CodeIgniter\CodeIgniter->handleRequest(NULL, Object(Config\Cache), false)
#8 C:\xampp\htdocs\gallerycp\public\index.php(37): CodeIgniter\CodeIgniter->run()
#9 C:\xampp\htdocs\gallerycp\system\Commands\Server\rewrite.php(43): require_once('C:\\xampp\\htdocs...')
#10 {main}
CRITICAL - 2024-01-24 03:50:26 --> syntax error, unexpected 'public' (T_PUBLIC), expecting end of file
#0 C:\xampp\htdocs\gallerycp\system\Autoloader\Autoloader.php(241): CodeIgniter\Autoloader\Autoloader->includeFile('C:\\xampp\\htdocs...')
#1 C:\xampp\htdocs\gallerycp\system\Autoloader\Autoloader.php(219): CodeIgniter\Autoloader\Autoloader->loadInNamespace('App\\Controllers...')
#2 [internal function]: CodeIgniter\Autoloader\Autoloader->loadClass('App\\Controllers...')
#3 [internal function]: spl_autoload_call('App\\Controllers...')
#4 C:\xampp\htdocs\gallerycp\system\CodeIgniter.php(797): class_exists('\\App\\Controller...', true)
#5 C:\xampp\htdocs\gallerycp\system\CodeIgniter.php(406): CodeIgniter\CodeIgniter->startController()
#6 C:\xampp\htdocs\gallerycp\system\CodeIgniter.php(326): CodeIgniter\CodeIgniter->handleRequest(NULL, Object(Config\Cache), false)
#7 C:\xampp\htdocs\gallerycp\public\index.php(37): CodeIgniter\CodeIgniter->run()
#8 C:\xampp\htdocs\gallerycp\system\Commands\Server\rewrite.php(43): require_once('C:\\xampp\\htdocs...')
#9 {main}
CRITICAL - 2024-01-24 03:50:37 --> Invalid argument supplied for foreach()
#0 C:\xampp\htdocs\gallerycp\app\Views\dashboard.php(27): CodeIgniter\Debug\Exceptions->errorHandler(2, 'Invalid argumen...', 'C:\\xampp\\htdocs...', 27, Array)
#1 C:\xampp\htdocs\gallerycp\system\View\View.php(210): include('C:\\xampp\\htdocs...')
#2 C:\xampp\htdocs\gallerycp\system\View\View.php(213): CodeIgniter\View\View->CodeIgniter\View\{closure}()
#3 C:\xampp\htdocs\gallerycp\system\Common.php(1089): CodeIgniter\View\View->render('dashboard', Array, true)
#4 C:\xampp\htdocs\gallerycp\app\Controllers\Home.php(14): view('dashboard')
#5 C:\xampp\htdocs\gallerycp\system\CodeIgniter.php(832): App\Controllers\Home->index()
#6 C:\xampp\htdocs\gallerycp\system\CodeIgniter.php(419): CodeIgniter\CodeIgniter->runController(Object(App\Controllers\Home))
#7 C:\xampp\htdocs\gallerycp\system\CodeIgniter.php(326): CodeIgniter\CodeIgniter->handleRequest(NULL, Object(Config\Cache), false)
#8 C:\xampp\htdocs\gallerycp\public\index.php(37): CodeIgniter\CodeIgniter->run()
#9 C:\xampp\htdocs\gallerycp\system\Commands\Server\rewrite.php(43): require_once('C:\\xampp\\htdocs...')
#10 {main}
